<!DOCTYPE html PUBLIC "-//W3C//DTD XHTML 1.1//EN" "http://www.w3.org/TR/xhtml11/DTD/xhtml11.dtd">
<html xmlns="http://www.w3.org/1999/xhtml"><head><title>TestNG Report</title><style type="text/css">table {margin-bottom:10px;border-collapse:collapse;empty-cells:show}th,td {border:1px solid #009;padding:.25em .5em}th {vertical-align:bottom}td {vertical-align:top}table a {font-weight:bold}.stripe td {background-color: #E6EBF9}.num {text-align:right}.passedodd td {background-color: #3F3}.passedeven td {background-color: #0A0}.skippedodd td {background-color: #DDD}.skippedeven td {background-color: #CCC}.failedodd td,.attn {background-color: #F33}.failedeven td,.stripe .attn {background-color: #D00}.stacktrace {white-space:pre;font-family:monospace}.totop {font-size:85%;text-align:center;border-bottom:2px solid #000}</style></head><body><table><tr><th>Test</th><th># Passed</th><th># Skipped</th><th># Failed</th><th>Time (ms)</th><th>Included Groups</th><th>Excluded Groups</th></tr><tr><th colspan="7">Suit 1</th></tr><tr><td><a href="#t0">Test 2</a></td><td class="num">2</td><td class="num">0</td><td class="num">0</td><td class="num">35,787</td><td></td><td></td></tr><tr class="stripe"><td><a href="#t1">Test 1</a></td><td class="num">1</td><td class="num">0</td><td class="num attn">1</td><td class="num">63,127</td><td></td><td></td></tr><tr><th>Total</th><th class="num">3</th><th class="num">0</th><th class="num attn">1</th><th class="num">98,914</th><th colspan="2"></th></tr></table><table><thead><tr><th>Class</th><th>Method</th><th>Start</th><th>Time (ms)</th></tr></thead><tbody><tr><th colspan="4">Suit 1</th></tr></tbody><tbody id="t0"><tr><th colspan="4">Test 2 &#8212; passed</th></tr><tr class="passedeven"><td rowspan="2">Runners._08_TestRunnerParallel_MasterReport</td><td><a href="#m0">runScenario</a></td><td rowspan="2">1662669534036</td><td rowspan="2">15905</td></tr><tr class="passedeven"><td><a href="#m1">runScenario</a></td></tr></tbody><tbody id="t1"><tr><th colspan="4">Test 1 &#8212; failed</th></tr><tr class="failedeven"><td rowspan="1">Runners._08_TestRunnerParallel_MasterReport</td><td><a href="#m2">runScenario</a></td><td rowspan="1">1662669533577</td><td rowspan="1">43694</td></tr><tr><th colspan="4">Test 1 &#8212; passed</th></tr><tr class="passedeven"><td rowspan="1">Runners._08_TestRunnerParallel_MasterReport</td><td><a href="#m3">runScenario</a></td><td rowspan="1">1662669514848</td><td rowspan="1">18728</td></tr></tbody></table><h2>Test 2</h2><h3 id="m0">Runners._08_TestRunnerParallel_MasterReport#runScenario</h3><table class="result"><tr class="param"><th>Parameter #1</th><th>Parameter #2</th></tr><tr class="param stripe"><td>&quot;Add-Edit-Delete Departments&quot;</td><td>&quot;Add-Edit-Delete Departments under School Setup&quot;</td></tr></table><p class="totop"><a href="#summary">back to summary</a></p><h3 id="m1">Runners._08_TestRunnerParallel_MasterReport#runScenario</h3><table class="result"><tr class="param"><th>Parameter #1</th><th>Parameter #2</th></tr><tr class="param stripe"><td>&quot;Login with valid username and password&quot;</td><td>&quot;Login Functionality&quot;</td></tr></table><p class="totop"><a href="#summary">back to summary</a></p><h2>Test 1</h2><h3 id="m2">Runners._08_TestRunnerParallel_MasterReport#runScenario</h3><table class="result"><tr class="param"><th>Parameter #1</th><th>Parameter #2</th></tr><tr class="param stripe"><td>&quot;Add-Edit-Delete Departments&quot;</td><td>&quot;Add-Edit-Delete Departments under School Setup&quot;</td></tr><tr><th colspan="2">Exception</th></tr><tr><td colspan="2"><div class="stacktrace">org.openqa.selenium.TimeoutException: Expected condition failed: waiting for visibility of Proxy element for: DefaultElementLocator &apos;By.xpath: (//span[contains(text(),&apos;Dashboard&apos;)])[2]&apos; (tried for 30 second(s) with 500 milliseconds interval)
	at org.openqa.selenium.support.ui.WebDriverWait.timeoutException(WebDriverWait.java:87)
	at org.openqa.selenium.support.ui.FluentWait.until(FluentWait.java:231)
	at Pages.Parent.WaitUntilVisible(Parent.java:40)
	at Pages.Parent.VerifyContainsText(Parent.java:60)
	at Pages.DialogContent.findAndContainsText(DialogContent.java:70)
	at StepDefinitions.LoginSteps.userShouldLoginSuccessfuly(LoginSteps.java:37)
	at ?.User should login successfuly(file:///C:/Users/OnurPekmezci/IdeaProjects/Group23_Staj/src/test/java/FeatureFiles/Onur_GIP8_Department.feature:7)
Caused by: org.openqa.selenium.NoSuchElementException: Unable to locate element: (//span[contains(text(),&apos;Dashboard&apos;)])[2]
For documentation on this error, please visit: https://selenium.dev/exceptions/#no_such_element
Build info: version: &apos;4.3.0&apos;, revision: &apos;a4995e2c09*&apos;
System info: host: &apos;DESKTOP-LHBBFIV&apos;, ip: &apos;192.168.1.24&apos;, os.name: &apos;Windows 10&apos;, os.arch: &apos;amd64&apos;, os.version: &apos;10.0&apos;, java.version: &apos;1.8.0_331&apos;
Driver info: org.openqa.selenium.firefox.FirefoxDriver
Command: [51fafcee-cc49-455c-bd8d-1f372cf19fe3, findElement {using=xpath, value=(//span[contains(text(),&apos;Dashboard&apos;)])[2]}]
Capabilities {acceptInsecureCerts: true, browserName: firefox, browserVersion: 104.0.2, moz:accessibilityChecks: false, moz:buildID: 20220902153754, moz:debuggerAddress: localhost:65177, moz:geckodriverVersion: 0.31.0, moz:headless: false, moz:platformVersion: 10.0, moz:processID: 17648, moz:profile: C:\Users\ONURPE~1\AppData\L..., moz:shutdownTimeout: 60000, moz:useNonSpecCompliantPointerOrigin: false, moz:webdriverClick: true, moz:windowless: false, pageLoadStrategy: normal, platformName: WINDOWS, proxy: Proxy(), se:cdp: ws://localhost:65177/devtoo..., se:cdpVersion: 85.0, setWindowRect: true, strictFileInteractability: false, timeouts: {implicit: 0, pageLoad: 300000, script: 30000}, unhandledPromptBehavior: dismiss and notify}
Session ID: 51fafcee-cc49-455c-bd8d-1f372cf19fe3
	at org.openqa.selenium.remote.codec.w3c.W3CHttpResponseCodec.createException(W3CHttpResponseCodec.java:200)
	at org.openqa.selenium.remote.codec.w3c.W3CHttpResponseCodec.decode(W3CHttpResponseCodec.java:133)
	at org.openqa.selenium.remote.codec.w3c.W3CHttpResponseCodec.decode(W3CHttpResponseCodec.java:53)
	at org.openqa.selenium.remote.HttpCommandExecutor.execute(HttpCommandExecutor.java:184)
	at org.openqa.selenium.remote.service.DriverCommandExecutor.invokeExecute(DriverCommandExecutor.java:167)
	at org.openqa.selenium.remote.service.DriverCommandExecutor.execute(DriverCommandExecutor.java:142)
	at org.openqa.selenium.remote.RemoteWebDriver.execute(RemoteWebDriver.java:569)
	at org.openqa.selenium.remote.ElementLocation$ElementFinder$2.findElement(ElementLocation.java:162)
	at org.openqa.selenium.remote.ElementLocation.findElement(ElementLocation.java:60)
	at org.openqa.selenium.remote.RemoteWebDriver.findElement(RemoteWebDriver.java:387)
	at org.openqa.selenium.remote.RemoteWebDriver.findElement(RemoteWebDriver.java:379)
	at org.openqa.selenium.support.pagefactory.DefaultElementLocator.findElement(DefaultElementLocator.java:70)
	at org.openqa.selenium.support.pagefactory.internal.LocatingElementHandler.invoke(LocatingElementHandler.java:39)
	at com.sun.proxy.$Proxy26.isDisplayed(Unknown Source)
	at org.openqa.selenium.support.ui.ExpectedConditions.elementIfVisible(ExpectedConditions.java:307)
	at org.openqa.selenium.support.ui.ExpectedConditions.access$000(ExpectedConditions.java:40)
	at org.openqa.selenium.support.ui.ExpectedConditions$10.apply(ExpectedConditions.java:293)
	at org.openqa.selenium.support.ui.ExpectedConditions$10.apply(ExpectedConditions.java:290)
	at org.openqa.selenium.support.ui.FluentWait.until(FluentWait.java:208)
	at Pages.Parent.WaitUntilVisible(Parent.java:40)
	at Pages.Parent.VerifyContainsText(Parent.java:60)
	at Pages.DialogContent.findAndContainsText(DialogContent.java:70)
	at StepDefinitions.LoginSteps.userShouldLoginSuccessfuly(LoginSteps.java:37)
	at io.cucumber.java.Invoker.doInvoke(Invoker.java:66)
	at io.cucumber.java.Invoker.invoke(Invoker.java:24)
	at io.cucumber.java.AbstractGlueDefinition.invokeMethod(AbstractGlueDefinition.java:47)
	at io.cucumber.java.JavaStepDefinition.execute(JavaStepDefinition.java:29)
	at io.cucumber.core.runner.CoreStepDefinition.execute(CoreStepDefinition.java:66)
	at io.cucumber.core.runner.PickleStepDefinitionMatch.runStep(PickleStepDefinitionMatch.java:63)
	at io.cucumber.core.runner.ExecutionMode$1.execute(ExecutionMode.java:10)
	at io.cucumber.core.runner.TestStep.executeStep(TestStep.java:85)
	at io.cucumber.core.runner.TestStep.run(TestStep.java:57)
	at io.cucumber.core.runner.PickleStepTestStep.run(PickleStepTestStep.java:51)
	at io.cucumber.core.runner.TestCase.run(TestCase.java:84)
	at io.cucumber.core.runner.Runner.runPickle(Runner.java:75)
	at io.cucumber.testng.TestNGCucumberRunner.lambda$runScenario$1(TestNGCucumberRunner.java:132)
	at io.cucumber.core.runtime.CucumberExecutionContext.lambda$runTestCase$5(CucumberExecutionContext.java:129)
	at io.cucumber.core.runtime.RethrowingThrowableCollector.executeAndThrow(RethrowingThrowableCollector.java:23)
	at io.cucumber.core.runtime.CucumberExecutionContext.runTestCase(CucumberExecutionContext.java:129)
	at io.cucumber.testng.TestNGCucumberRunner.runScenario(TestNGCucumberRunner.java:129)
	at io.cucumber.testng.AbstractTestNGCucumberTests.runScenario(AbstractTestNGCucumberTests.java:35)
	at java.util.concurrent.FutureTask.run(FutureTask.java:266)
	at java.util.concurrent.ThreadPoolExecutor.runWorker(ThreadPoolExecutor.java:1149)
	at java.util.concurrent.ThreadPoolExecutor$Worker.run(ThreadPoolExecutor.java:624)
	at java.lang.Thread.run(Thread.java:750)
... Removed 23 stack frames</div></td></tr></table><p class="totop"><a href="#summary">back to summary</a></p><h3 id="m3">Runners._08_TestRunnerParallel_MasterReport#runScenario</h3><table class="result"><tr class="param"><th>Parameter #1</th><th>Parameter #2</th></tr><tr class="param stripe"><td>&quot;Login with valid username and password&quot;</td><td>&quot;Login Functionality&quot;</td></tr></table><p class="totop"><a href="#summary">back to summary</a></p></body></html>