<?xml version="1.0" encoding="UTF-8"?>
<testng-results total="0" passed="0" failed="0" skipped="0">
  <reporter-output>
  </reporter-output>
  <suite started-at="2022-09-11T11:45:46Z" name="Suit 1" finished-at="2022-09-11T11:45:47Z" duration-ms="346">
    <groups>
      <group name="cucumber">
        <method signature="AbstractTestNGCucumberTests.runScenario(io.cucumber.testng.PickleWrapper, io.cucumber.testng.FeatureWrapper)[pri:0, instance:Runners._08_TestRunnerParallel_MasterReport@7d3a22a9]" name="runScenario" class="io.cucumber.testng.AbstractTestNGCucumberTests"/>
        <method signature="AbstractTestNGCucumberTests.runScenario(io.cucumber.testng.PickleWrapper, io.cucumber.testng.FeatureWrapper)[pri:0, instance:Runners._08_TestRunnerParallel_MasterReport@7a4ccb53]" name="runScenario" class="io.cucumber.testng.AbstractTestNGCucumberTests"/>
      </group> <!-- cucumber -->
    </groups>
    <test started-at="2022-09-11T11:45:46Z" name="Test 2" finished-at="2022-09-11T11:45:47Z" duration-ms="346">
      <class name="Runners._08_TestRunnerParallel_MasterReport">
        <test-method is-config="true" signature="setUpClass(org.testng.ITestContext)[pri:0, instance:Runners._08_TestRunnerParallel_MasterReport@7a4ccb53]" started-at="2022-09-11T14:45:46Z" name="setUpClass" finished-at="2022-09-11T14:45:46Z" duration-ms="0" status="FAIL">
          <params>
            <param index="0">
              <value>
                <![CDATA[org.testng.TestRunner@22213dfd]]>
              </value>
            </param>
          </params>
          <exception class="io.cucumber.core.gherkin.FeatureParserException">
            <message>
              <![CDATA[Failed to parse resource at: file:///C:/Users/LENOVO/IdeaProjects/Group23_HuseyinSEVER/src/test/java/FeatureFiles/Huseyin_GIP-5_HumanResources_Add_Edit_Delete.feature
(3:3): expected: #TagLine, #RuleLine, #Comment, #Empty, got 'Background:'
(4:5): expected: #TagLine, #RuleLine, #Comment, #Empty, got 'Given Navigate to basqar'
(5:5): expected: #TagLine, #RuleLine, #Comment, #Empty, got 'When  Enter username and password and click login button'
(6:5): expected: #TagLine, #RuleLine, #Comment, #Empty, got 'Then  User should login successfuly'
(8:3): expected: #TagLine, #RuleLine, #Comment, #Empty, got 'Scenario: Add add position to human resources'
(10:5): expected: #TagLine, #RuleLine, #Comment, #Empty, got 'Given Clicking on the relevant menu options'
(11:5): expected: #TagLine, #RuleLine, #Comment, #Empty, got 'When  Fill in the fields related to adding a position'
(12:6): expected: #TagLine, #RuleLine, #Comment, #Empty, got 'Then  Successfully add operation'
(14:4): expected: #TagLine, #RuleLine, #Comment, #Empty, got 'Scenario: Edit and make necessary adjustments'
(15:5): expected: #TagLine, #RuleLine, #Comment, #Empty, got 'Given Clicking on the relevant menu options'
(16:5): expected: #TagLine, #RuleLine, #Comment, #Empty, got 'Given Arrangement of first and last names']]>
            </message>
            <full-stacktrace>
              <![CDATA[io.cucumber.core.gherkin.FeatureParserException: Failed to parse resource at: file:///C:/Users/LENOVO/IdeaProjects/Group23_HuseyinSEVER/src/test/java/FeatureFiles/Huseyin_GIP-5_HumanResources_Add_Edit_Delete.feature
(3:3): expected: #TagLine, #RuleLine, #Comment, #Empty, got 'Background:'
(4:5): expected: #TagLine, #RuleLine, #Comment, #Empty, got 'Given Navigate to basqar'
(5:5): expected: #TagLine, #RuleLine, #Comment, #Empty, got 'When  Enter username and password and click login button'
(6:5): expected: #TagLine, #RuleLine, #Comment, #Empty, got 'Then  User should login successfuly'
(8:3): expected: #TagLine, #RuleLine, #Comment, #Empty, got 'Scenario: Add add position to human resources'
(10:5): expected: #TagLine, #RuleLine, #Comment, #Empty, got 'Given Clicking on the relevant menu options'
(11:5): expected: #TagLine, #RuleLine, #Comment, #Empty, got 'When  Fill in the fields related to adding a position'
(12:6): expected: #TagLine, #RuleLine, #Comment, #Empty, got 'Then  Successfully add operation'
(14:4): expected: #TagLine, #RuleLine, #Comment, #Empty, got 'Scenario: Edit and make necessary adjustments'
(15:5): expected: #TagLine, #RuleLine, #Comment, #Empty, got 'Given Clicking on the relevant menu options'
(16:5): expected: #TagLine, #RuleLine, #Comment, #Empty, got 'Given Arrangement of first and last names'
	at io.cucumber.core.gherkin.messages.GherkinMessagesFeatureParser.parse(GherkinMessagesFeatureParser.java:43)
	at io.cucumber.core.feature.FeatureParser.parseResource(FeatureParser.java:45)
	at java.base/java.util.function.BiFunction.lambda$andThen$0(BiFunction.java:70)
	at io.cucumber.core.resource.ResourceScanner.lambda$processResource$1(ResourceScanner.java:79)
	at io.cucumber.core.resource.PathScanner$ResourceFileVisitor.visitFile(PathScanner.java:75)
	at io.cucumber.core.resource.PathScanner$ResourceFileVisitor.visitFile(PathScanner.java:60)
	at java.base/java.nio.file.Files.walkFileTree(Files.java:2812)
	at io.cucumber.core.resource.PathScanner.findResourcesForPath(PathScanner.java:53)
	at io.cucumber.core.resource.PathScanner.findResourcesForUri(PathScanner.java:31)
	at io.cucumber.core.resource.ResourceScanner.findResourcesForUri(ResourceScanner.java:61)
	at io.cucumber.core.resource.ResourceScanner.scanForResourcesUri(ResourceScanner.java:134)
	at io.cucumber.core.runtime.FeaturePathFeatureSupplier.loadFeatures(FeaturePathFeatureSupplier.java:62)
	at io.cucumber.core.runtime.FeaturePathFeatureSupplier.get(FeaturePathFeatureSupplier.java:45)
	at io.cucumber.testng.TestNGCucumberRunner.<init>(TestNGCucumberRunner.java:122)
	at io.cucumber.testng.AbstractTestNGCucumberTests.setUpClass(AbstractTestNGCucumberTests.java:27)
	at java.base/jdk.internal.reflect.DirectMethodHandleAccessor.invoke(DirectMethodHandleAccessor.java:104)
	at java.base/java.lang.reflect.Method.invoke(Method.java:577)
	at org.testng.internal.MethodInvocationHelper.invokeMethod(MethodInvocationHelper.java:84)
	at org.testng.internal.Invoker.invokeConfigurationMethod(Invoker.java:564)
	at org.testng.internal.Invoker.invokeConfigurations(Invoker.java:213)
	at org.testng.internal.Invoker.invokeConfigurations(Invoker.java:138)
	at org.testng.internal.TestMethodWorker.invokeBeforeClassMethods(TestMethodWorker.java:175)
	at org.testng.internal.TestMethodWorker.run(TestMethodWorker.java:107)
	at org.testng.TestRunner.privateRun(TestRunner.java:767)
	at org.testng.TestRunner.run(TestRunner.java:617)
	at org.testng.SuiteRunner.runTest(SuiteRunner.java:334)
	at org.testng.SuiteRunner.access$000(SuiteRunner.java:37)
	at org.testng.SuiteRunner$SuiteWorker.run(SuiteRunner.java:368)
	at org.testng.internal.thread.ThreadUtil$2.call(ThreadUtil.java:64)
	at java.base/java.util.concurrent.FutureTask.run(FutureTask.java:264)
	at java.base/java.util.concurrent.ThreadPoolExecutor.runWorker(ThreadPoolExecutor.java:1136)
	at java.base/java.util.concurrent.ThreadPoolExecutor$Worker.run(ThreadPoolExecutor.java:635)
	at java.base/java.lang.Thread.run(Thread.java:833)
]]>
            </full-stacktrace>
          </exception> <!-- io.cucumber.core.gherkin.FeatureParserException -->
          <reporter-output>
          </reporter-output>
        </test-method> <!-- setUpClass -->
        <test-method is-config="true" signature="beforeClass(java.lang.String)[pri:0, instance:Runners._08_TestRunnerParallel_MasterReport@7a4ccb53]" started-at="2022-09-11T14:45:47Z" name="beforeClass" finished-at="2022-09-11T14:45:47Z" duration-ms="0" status="SKIP">
          <reporter-output>
          </reporter-output>
        </test-method> <!-- beforeClass -->
        <test-method is-config="true" signature="tearDownClass()[pri:0, instance:Runners._08_TestRunnerParallel_MasterReport@7a4ccb53]" started-at="2022-09-11T14:45:47Z" name="tearDownClass" finished-at="2022-09-11T14:45:47Z" duration-ms="1" status="PASS">
          <reporter-output>
          </reporter-output>
        </test-method> <!-- tearDownClass -->
      </class> <!-- Runners._08_TestRunnerParallel_MasterReport -->
    </test> <!-- Test 2 -->
    <test started-at="2022-09-11T11:45:46Z" name="Test 1" finished-at="2022-09-11T11:45:47Z" duration-ms="346">
      <class name="Runners._08_TestRunnerParallel_MasterReport">
        <test-method is-config="true" signature="setUpClass(org.testng.ITestContext)[pri:0, instance:Runners._08_TestRunnerParallel_MasterReport@7d3a22a9]" started-at="2022-09-11T14:45:46Z" name="setUpClass" finished-at="2022-09-11T14:45:46Z" duration-ms="0" status="FAIL">
          <params>
            <param index="0">
              <value>
                <![CDATA[org.testng.TestRunner@59abf4bf]]>
              </value>
            </param>
          </params>
          <exception class="io.cucumber.core.gherkin.FeatureParserException">
            <message>
              <![CDATA[Failed to parse resource at: file:///C:/Users/LENOVO/IdeaProjects/Group23_HuseyinSEVER/src/test/java/FeatureFiles/Huseyin_GIP-5_HumanResources_Add_Edit_Delete.feature
(3:3): expected: #TagLine, #RuleLine, #Comment, #Empty, got 'Background:'
(4:5): expected: #TagLine, #RuleLine, #Comment, #Empty, got 'Given Navigate to basqar'
(5:5): expected: #TagLine, #RuleLine, #Comment, #Empty, got 'When  Enter username and password and click login button'
(6:5): expected: #TagLine, #RuleLine, #Comment, #Empty, got 'Then  User should login successfuly'
(8:3): expected: #TagLine, #RuleLine, #Comment, #Empty, got 'Scenario: Add add position to human resources'
(10:5): expected: #TagLine, #RuleLine, #Comment, #Empty, got 'Given Clicking on the relevant menu options'
(11:5): expected: #TagLine, #RuleLine, #Comment, #Empty, got 'When  Fill in the fields related to adding a position'
(12:6): expected: #TagLine, #RuleLine, #Comment, #Empty, got 'Then  Successfully add operation'
(14:4): expected: #TagLine, #RuleLine, #Comment, #Empty, got 'Scenario: Edit and make necessary adjustments'
(15:5): expected: #TagLine, #RuleLine, #Comment, #Empty, got 'Given Clicking on the relevant menu options'
(16:5): expected: #TagLine, #RuleLine, #Comment, #Empty, got 'Given Arrangement of first and last names']]>
            </message>
            <full-stacktrace>
              <![CDATA[io.cucumber.core.gherkin.FeatureParserException: Failed to parse resource at: file:///C:/Users/LENOVO/IdeaProjects/Group23_HuseyinSEVER/src/test/java/FeatureFiles/Huseyin_GIP-5_HumanResources_Add_Edit_Delete.feature
(3:3): expected: #TagLine, #RuleLine, #Comment, #Empty, got 'Background:'
(4:5): expected: #TagLine, #RuleLine, #Comment, #Empty, got 'Given Navigate to basqar'
(5:5): expected: #TagLine, #RuleLine, #Comment, #Empty, got 'When  Enter username and password and click login button'
(6:5): expected: #TagLine, #RuleLine, #Comment, #Empty, got 'Then  User should login successfuly'
(8:3): expected: #TagLine, #RuleLine, #Comment, #Empty, got 'Scenario: Add add position to human resources'
(10:5): expected: #TagLine, #RuleLine, #Comment, #Empty, got 'Given Clicking on the relevant menu options'
(11:5): expected: #TagLine, #RuleLine, #Comment, #Empty, got 'When  Fill in the fields related to adding a position'
(12:6): expected: #TagLine, #RuleLine, #Comment, #Empty, got 'Then  Successfully add operation'
(14:4): expected: #TagLine, #RuleLine, #Comment, #Empty, got 'Scenario: Edit and make necessary adjustments'
(15:5): expected: #TagLine, #RuleLine, #Comment, #Empty, got 'Given Clicking on the relevant menu options'
(16:5): expected: #TagLine, #RuleLine, #Comment, #Empty, got 'Given Arrangement of first and last names'
	at io.cucumber.core.gherkin.messages.GherkinMessagesFeatureParser.parse(GherkinMessagesFeatureParser.java:43)
	at io.cucumber.core.feature.FeatureParser.parseResource(FeatureParser.java:45)
	at java.base/java.util.function.BiFunction.lambda$andThen$0(BiFunction.java:70)
	at io.cucumber.core.resource.ResourceScanner.lambda$processResource$1(ResourceScanner.java:79)
	at io.cucumber.core.resource.PathScanner$ResourceFileVisitor.visitFile(PathScanner.java:75)
	at io.cucumber.core.resource.PathScanner$ResourceFileVisitor.visitFile(PathScanner.java:60)
	at java.base/java.nio.file.Files.walkFileTree(Files.java:2812)
	at io.cucumber.core.resource.PathScanner.findResourcesForPath(PathScanner.java:53)
	at io.cucumber.core.resource.PathScanner.findResourcesForUri(PathScanner.java:31)
	at io.cucumber.core.resource.ResourceScanner.findResourcesForUri(ResourceScanner.java:61)
	at io.cucumber.core.resource.ResourceScanner.scanForResourcesUri(ResourceScanner.java:134)
	at io.cucumber.core.runtime.FeaturePathFeatureSupplier.loadFeatures(FeaturePathFeatureSupplier.java:62)
	at io.cucumber.core.runtime.FeaturePathFeatureSupplier.get(FeaturePathFeatureSupplier.java:45)
	at io.cucumber.testng.TestNGCucumberRunner.<init>(TestNGCucumberRunner.java:122)
	at io.cucumber.testng.AbstractTestNGCucumberTests.setUpClass(AbstractTestNGCucumberTests.java:27)
	at java.base/jdk.internal.reflect.DirectMethodHandleAccessor.invoke(DirectMethodHandleAccessor.java:104)
	at java.base/java.lang.reflect.Method.invoke(Method.java:577)
	at org.testng.internal.MethodInvocationHelper.invokeMethod(MethodInvocationHelper.java:84)
	at org.testng.internal.Invoker.invokeConfigurationMethod(Invoker.java:564)
	at org.testng.internal.Invoker.invokeConfigurations(Invoker.java:213)
	at org.testng.internal.Invoker.invokeConfigurations(Invoker.java:138)
	at org.testng.internal.TestMethodWorker.invokeBeforeClassMethods(TestMethodWorker.java:175)
	at org.testng.internal.TestMethodWorker.run(TestMethodWorker.java:107)
	at org.testng.TestRunner.privateRun(TestRunner.java:767)
	at org.testng.TestRunner.run(TestRunner.java:617)
	at org.testng.SuiteRunner.runTest(SuiteRunner.java:334)
	at org.testng.SuiteRunner.access$000(SuiteRunner.java:37)
	at org.testng.SuiteRunner$SuiteWorker.run(SuiteRunner.java:368)
	at org.testng.internal.thread.ThreadUtil$2.call(ThreadUtil.java:64)
	at java.base/java.util.concurrent.FutureTask.run(FutureTask.java:264)
	at java.base/java.util.concurrent.ThreadPoolExecutor.runWorker(ThreadPoolExecutor.java:1136)
	at java.base/java.util.concurrent.ThreadPoolExecutor$Worker.run(ThreadPoolExecutor.java:635)
	at java.base/java.lang.Thread.run(Thread.java:833)
]]>
            </full-stacktrace>
          </exception> <!-- io.cucumber.core.gherkin.FeatureParserException -->
          <reporter-output>
          </reporter-output>
        </test-method> <!-- setUpClass -->
        <test-method is-config="true" signature="beforeClass(java.lang.String)[pri:0, instance:Runners._08_TestRunnerParallel_MasterReport@7d3a22a9]" started-at="2022-09-11T14:45:47Z" name="beforeClass" finished-at="2022-09-11T14:45:47Z" duration-ms="0" status="SKIP">
          <reporter-output>
          </reporter-output>
        </test-method> <!-- beforeClass -->
        <test-method is-config="true" signature="tearDownClass()[pri:0, instance:Runners._08_TestRunnerParallel_MasterReport@7d3a22a9]" started-at="2022-09-11T14:45:47Z" name="tearDownClass" finished-at="2022-09-11T14:45:47Z" duration-ms="1" status="PASS">
          <reporter-output>
          </reporter-output>
        </test-method> <!-- tearDownClass -->
      </class> <!-- Runners._08_TestRunnerParallel_MasterReport -->
    </test> <!-- Test 1 -->
  </suite> <!-- Suit 1 -->
</testng-results>
